IQ-TREE multicore version 1.6.1 for Windows 64-bit built Dec 26 2017
Developed by Bui Quang Minh, Nguyen Lam Tung, Olga Chernomor,
Heiko Schmidt, Dominik Schrempf, Michael Woodhams.

Host:    LAPTOP-Q5UID8SI (AVX2, FMA3, 15 GB RAM)
Command: iqtree -s YSCI.nex -m MK -bb 1000 -minsup 0.5 -redo
Seed:    699779 (Using SPRNG - Scalable Parallel Random Number Generator)
Time:    Sun May 20 06:38:29 2018
Kernel:  AVX+FMA - 1 threads (8 CPU cores detected)

HINT: Use -nt option to specify number of threads because your CPU has 8 cores!
HINT: -nt AUTO will automatically determine the best number of threads to use.

Reading alignment file YSCI.nex ... Nexus format detected
Skipping unknown block (MESQUITECHARMODELS)...
Skipping unknown block (MESQUITE)...
Alignment has 18 sequences with 58 columns, 55 distinct patterns
37 parsimony-informative, 13 singleton sites, 8 constant sites
                         Gap/Ambiguity  Composition  p-value
   1  Tubiluchus_priapulida     82.76%    passed     54.93%
   2  Aysheaia                  41.38%    passed      6.05%
   3  Onychodictyon_ferox       29.31%    passed     76.19%
   4  Paucipodia                39.66%    passed      6.90%
   5  Microdictyon              39.66%    passed     37.77%
   6  Hallucigenia_sparsa       41.38%    passed     44.08%
   7  Collinsia_ciliosa         29.31%    passed     15.60%
   8  Kerygmachela              20.69%    passed     20.62%
   9  Opabinia                  37.93%    passed     59.91%
  10  Anonalocaris              32.76%    passed     66.05%
  11  Peytoia                   36.21%    passed     79.39%
  12  Hurdia                    32.76%    passed     78.04%
  13  Fuxianhuia                56.90%    failed      4.96%
  14  Chengjiangocaris          56.90%    failed      4.96%
  15  Leanchoilia               56.90%    passed      9.37%
  16  Alalcomenaeus             56.90%    passed      9.37%
  17  Misszhouia_longicaudata   56.90%    failed      0.10%
  18  Kuamaia_lata              56.90%    failed      0.00%
WARNING: 7 sequences contain more than 50% gaps/ambiguity
****  TOTAL                     44.73%  4 sequences failed composition chi2 test (p-value<5%; df=4)
NOTE: Chengjiangocaris is identical to Fuxianhuia but kept for subsequent analysis
NOTE: Alalcomenaeus is identical to Leanchoilia but kept for subsequent analysis
Creating fast initial parsimony tree by random order stepwise addition...
0.030 seconds, parsimony score: 75 (based on 50 sites)
Generating 1000 samples for ultrafast bootstrap (seed: 699779)...

NOTE: 0 MB RAM (0 GB) is required!
Estimate model parameters (epsilon = 0.100)
1. Initial log-likelihood: -421.797
Optimal log-likelihood: -405.600
Parameters optimization took 1 rounds (0.018 sec)
Computing ML distances based on estimated model parameters... 0.016 sec
WARNING: Some pairwise ML distances are too long (saturated)
Computing BIONJ tree...
0.017 seconds
Log-likelihood of BIONJ tree: -407.040
--------------------------------------------------------------------
|             INITIALIZING CANDIDATE TREE SET                      |
--------------------------------------------------------------------
Generating 98 parsimony trees... 0.076 second
Computing log-likelihood of 98 initial trees ... 0.218 seconds
Current best score: -398.659

Do NNI search on 20 best initial trees
Estimate model parameters (epsilon = 0.100)
BETTER TREE FOUND at iteration 1: -398.641
Iteration 10 / LogL: -399.915 / Time: 0h:0m:0s
Iteration 20 / LogL: -398.641 / Time: 0h:0m:0s
Finish initializing candidate tree set (3)
Current best tree score: -398.641 / CPU time: 0.646
Number of iterations: 20
--------------------------------------------------------------------
|               OPTIMIZING CANDIDATE TREE SET                      |
--------------------------------------------------------------------
Iteration 30 / LogL: -398.641 / Time: 0h:0m:1s (0h:0m:2s left)
Iteration 40 / LogL: -398.641 / Time: 0h:0m:1s (0h:0m:2s left)
Iteration 50 / LogL: -408.776 / Time: 0h:0m:1s (0h:0m:1s left)
Log-likelihood cutoff on original alignment: -420.092
Iteration 60 / LogL: -398.641 / Time: 0h:0m:2s (0h:0m:1s left)
Iteration 70 / LogL: -401.338 / Time: 0h:0m:2s (0h:0m:1s left)
Iteration 80 / LogL: -398.642 / Time: 0h:0m:2s (0h:0m:0s left)
Iteration 90 / LogL: -399.915 / Time: 0h:0m:3s (0h:0m:0s left)
Iteration 100 / LogL: -399.934 / Time: 0h:0m:3s (0h:0m:0s left)
Log-likelihood cutoff on original alignment: -420.218
NOTE: Bootstrap correlation coefficient of split occurrence frequencies: 0.987
NOTE: UFBoot does not converge, continue at least 100 more iterations
Iteration 110 / LogL: -399.918 / Time: 0h:0m:4s (0h:0m:3s left)
Iteration 120 / LogL: -399.915 / Time: 0h:0m:4s (0h:0m:2s left)
Iteration 130 / LogL: -398.641 / Time: 0h:0m:4s (0h:0m:2s left)
UPDATE BEST LOG-LIKELIHOOD: -398.641
Iteration 140 / LogL: -399.915 / Time: 0h:0m:5s (0h:0m:2s left)
Iteration 150 / LogL: -399.915 / Time: 0h:0m:5s (0h:0m:1s left)
Log-likelihood cutoff on original alignment: -419.619
Iteration 160 / LogL: -399.168 / Time: 0h:0m:6s (0h:0m:1s left)
Iteration 170 / LogL: -398.641 / Time: 0h:0m:7s (0h:0m:1s left)
Iteration 180 / LogL: -408.809 / Time: 0h:0m:7s (0h:0m:0s left)
Iteration 190 / LogL: -398.659 / Time: 0h:0m:7s (0h:0m:0s left)
Iteration 200 / LogL: -398.665 / Time: 0h:0m:8s (0h:0m:0s left)
Log-likelihood cutoff on original alignment: -420.127
NOTE: Bootstrap correlation coefficient of split occurrence frequencies: 0.996
TREE SEARCH COMPLETED AFTER 200 ITERATIONS / Time: 0h:0m:8s

--------------------------------------------------------------------
|                    FINALIZING TREE SEARCH                        |
--------------------------------------------------------------------
Performs final model parameters optimization
Estimate model parameters (epsilon = 0.010)
1. Initial log-likelihood: -398.641
Optimal log-likelihood: -398.641
Parameters optimization took 1 rounds (0.010 sec)
BEST SCORE FOUND : -398.641
Creating bootstrap support values...
Split supports printed to NEXUS file YSCI.nex.splits.nex
Total tree length: 2.704

Total number of iterations: 200
CPU time used for tree search: 6.609 sec (0h:0m:6s)
Wall-clock time used for tree search: 8.721 sec (0h:0m:8s)
Total CPU time used: 6.719 sec (0h:0m:6s)
Total wall-clock time used: 9.141 sec (0h:0m:9s)

Computing bootstrap consensus tree...
Reading input file YSCI.nex.splits.nex...
18 taxa and 113 splits.
Consensus tree written to YSCI.nex.contree
Reading input trees file YSCI.nex.contree
Log-likelihood of consensus tree: -402.882

Analysis results written to: 
  IQ-TREE report:                YSCI.nex.iqtree
  Maximum-likelihood tree:       YSCI.nex.treefile
  Likelihood distances:          YSCI.nex.mldist

Ultrafast bootstrap approximation results written to:
  Split support values:          YSCI.nex.splits.nex
  Consensus tree:                YSCI.nex.contree
  Screen log file:               YSCI.nex.log

Date and Time: Sun May 20 06:38:39 2018
