
P A U P *
Version 4.0b4a for 32-bit Microsoft Windows
Fri Jan 26 17:46:09 2018

      -----------------------------NOTICE-----------------------------
        This is a beta-test version.  It will expire on 15 Jan 2001.
        Please report any crashes, apparent calculation errors, or
        other anomalous results.  There are no restrictions on
        publication of results obtained with this version, but you
        should check the WWW site frequently for bug announcements
        and/or updated versions.  See the README file on the
        distribution media for details.
      ----------------------------------------------------------------

Outgroup status changed:
   1 taxon transferred to outgroup
   Total number of taxa now in outgroup = 1
   Number of ingroup taxa = 13

Heuristic search settings:
   Optimality criterion = maximum parsimony
      Character-status summary:
        Of 31 total characters:
          All characters are of type 'unord'
          All characters have equal weight
          3 characters are parsimony-uninformative
          Number of parsimony-informative characters = 28
      Gaps are treated as "missing"
   Starting tree(s) obtained via stepwise addition
   Addition sequence: random
      Number of replicates = 10
      Starting seed = 933200422
   Number of trees held at each step during stepwise addition = 1
   Branch-swapping algorithm: tree-bisection-reconnection (TBR)
   Steepest descent option not in effect
   Initial 'MaxTrees' setting = 100
   Branches collapsed (creating polytomies) if maximum branch length is zero
   'MulTrees' option in effect
   Topological constraints not enforced
   Trees are unrooted

Heuristic search completed
   Total number of rearrangements tried = 12958
   Score of best tree(s) found = 55
   Number of trees retained = 6
   Time used = 0.02 sec

Tree-island profile:
                     First      Last                     First   Times
Island      Size      tree      tree        Score    replicate     hit
----------------------------------------------------------------------
     1         6         1         6           55            1      10

Tree number 1 (rooted using user-specified outgroup)

/------------------------------------------------------------- Cycloneuralia
|
|                                                    /-------- Aysheaia
|       /--------------------------------------------+
|       |                                            \-------- Xenusion
|       |
|       |      /---------------------------------------------- Hadranax
+-------+      |
|       |      |              /------------------------------- Jianshanopodia
|       |      |              |
|       |      |       /------+       /----------------------- Magadictyon
|       \------+       |      |       |
|              |       |      \-------+       /--------------- Opabinia
|              |       |              |       |
|              |       |              \-------+      /-------- Anomalocaris
|              \-------+                      \------+
|                      |                             \-------- CCT
|                      |
|                      |                             /-------- Kerygmachela
|                      \-----------------------------+
|                                                    \-------- Pambdelurion
|
|                                             /--------------- Onychodictyon
|                                             |
\---------------------------------------------+      /-------- Peripatus
                                              \------+
                                                     \-------- Miraluolishania

Tree description:

   Unrooted tree(s) rooted using outgroup method
   Optimality criterion = maximum parsimony
   Character-status summary:
     Of 31 total characters:
       All characters are of type 'unord'
       All characters have equal weight
       3 characters are parsimony-uninformative
       Number of parsimony-informative characters = 28
   Gaps are treated as "missing"
   Character-state optimization: Accelerated transformation (ACCTRAN)

Tree number 1 (rooted using user-specified outgroup)

Branch lengths and linkages for tree #1 (unrooted)

                                     Assigned       Minimum       Maximum
                    Connected          branch      possible      possible
   Node              to node           length        length        length
-------------------------------------------------------------------------
Cycloneuralia (1)*      26                  3             3             4
    23                  26                  2             2             3
    15                  23                  2             1             3
Aysheaia (2)            15                  0             0             0
Xenusion (3)            15                  0             0             0
    22                  23                  1             1             2
Hadranax (4)            22                  0             0             1
    21                  22                  5             2             5
    19                  21                  1             1             3
Jianshanopodia (5)      19                  3             2             3
    18                  19                  2             2             3
Magadictyon (6)         18                  2             2             2
    17                  18                  5             4             5
Opabinia (9)            17                  1             1             2
    16                  17                  6             5             6
Anomalocaris (10)       16                  2             2             4
CCT (11)                16                  3             1             3
    20                  21                  4             4             5
Kerygmachela (7)        20                  3             1             3
Pambdelurion (8)        20                  0             0             2
    25                  26                  3             1             3
Onychodictyon (12)      25                  1             1             1
    24                  25                  2             2             3
Peripatus (13)          24                  2             1             2
Miraluolishania (14)    24                  2             2             3
-------------------------------------------------------------------------
Sum                                        55

Tree length = 55
Consistency index (CI) = 0.6000
Homoplasy index (HI) = 0.4000
CI excluding uninformative characters = 0.5769
HI excluding uninformative characters = 0.4231
Retention index (RI) = 0.7215
Rescaled consistency index (RC) = 0.4329

/------- Cycloneuralia
|
|         / Aysheaia
|    /---15
|    |    \ Xenusion
|    |
|    | / Hadranax
+---23 |
|    | |              /------- Jianshanopodia
|    | |              |
|    | |            /19    /----- Magadictyon
|    \22            | |    |
26     |            | \---18           /-- Opabinia
|      |            |      |           |
|      |            |      \----------17              /----- Anomalocaris
|      \-----------21                  \-------------16
|                   |                                 \------- CCT
|                   |
|                   |        /-------- Kerygmachela
|                   \-------20
|                            \ Pambdelurion
|
|      /--- Onychodictyon
|      |
\-----25    /----- Peripatus
       \---24
            \----- Miraluolishania

6 trees saved to file "C:\Users\Administrator\Desktop\2018年1月26\LSCI\mp.tre"

50% Majority-rule consensus of 6 trees

/--------------------------------------------------------- Cycloneuralia(1)
|
|                                                /-------- Aysheaia(2)
|       /------------------100-------------------+
|       |                                        \-------- Xenusion(3)
|       |
|       +------------------------------------------------- Hadranax(4)
|       |
+--100--+       /----------------------------------------- Jianshanopodia(5)
|       |       |
|       |       |                /------------------------ Magadictyon(6)
|       |       |                |
|       \--100--+       /---67---+       /---------------- Opabinia(9)
|               |       |        |       |
|               |       |        \--100--+       /-------- Anomalocaris(10)
|               |       |                \--100--+
|               \--67---+                        \-------- CCT(11)
|                       |
|                       |                        /-------- Kerygmachela(7)
|                       \----------100-----------+
|                                                \-------- Pambdelurion(8)
|
|                                        /---------------- Onychodictyon(12)
|                                        |
\------------------100-------------------+       /-------- Peripatus(13)
                                         \--100--+
                                                 \-------- Miraluolishania(14)

Bipartitions found in one or more trees and frequency of occurrence:

         1   1
12345678901234      Freq      %
-------------------------------
.**********...         6 100.0%
.**...........         6 100.0%
........***...         6 100.0%
....*******...         6 100.0%
......**......         6 100.0%
...........***         6 100.0%
............**         6 100.0%
.........**...         6 100.0%
.....*..***...         4  66.7%
.....******...         4  66.7%
...********...         3  50.0%
.***..........         3  50.0%
....**..***...         2  33.3%
......*****...         2  33.3%

Consensus tree(s) written to treefile:
C:\Users\Administrator\Desktop\2018年1月26\LSCI\MajorityConTree.tre
