IQ-TREE multicore version 1.6.1 for Windows 64-bit built Dec 26 2017
Developed by Bui Quang Minh, Nguyen Lam Tung, Olga Chernomor,
Heiko Schmidt, Dominik Schrempf, Michael Woodhams.

Host:    LAPTOP-Q5UID8SI (AVX2, FMA3, 15 GB RAM)
Command: iqtree -s Lnature.phy -m MK -bb 1000 -minsup 0.5 -redo
Seed:    50928 (Using SPRNG - Scalable Parallel Random Number Generator)
Time:    Sat May 19 22:25:39 2018
Kernel:  AVX+FMA - 1 threads (8 CPU cores detected)

HINT: Use -nt option to specify number of threads because your CPU has 8 cores!
HINT: -nt AUTO will automatically determine the best number of threads to use.

Reading alignment file Lnature.phy ... Nexus format detected
Skipping unknown block (MESQUITECHARMODELS)...
Skipping unknown block (MESQUITE)...
Alignment has 18 sequences with 38 columns, 38 distinct patterns
32 parsimony-informative, 5 singleton sites, 1 constant sites
                 Gap/Ambiguity  Composition  p-value
   1  Cycloneuralia     47.37%    passed     31.16%
   2  Paucipodia        21.05%    passed      8.20%
   3  Microdictyon      15.79%    passed     11.67%
   4  Hallucigenia      13.16%    passed     50.60%
   5  Cardiodictyon     13.16%    passed     33.12%
   6  O-ychodictyon     15.79%    passed     72.69%
   7  Miraluolishania   13.16%    passed     71.91%
   8  Diania            15.79%    passed     56.64%
   9  Aysheaia           7.89%    passed     71.33%
  10  Anomalocaris      23.68%    failed      3.25%
  11  Laggania          23.68%    passed     26.93%
  12  Hurdia            23.68%    passed     26.93%
  13  Schinderhannes    13.16%    passed     26.02%
  14  Fuxianhuia        13.16%    passed     26.02%
  15  Leanchoilia       13.16%    passed     39.99%
  16  Onychophora       13.16%    passed     71.91%
  17  Tardigrada        15.79%    passed     34.60%
  18  Euarthropoda      18.42%    passed     42.25%
****  TOTAL             17.84%  1 sequences failed composition chi2 test (p-value<5%; df=2)
Creating fast initial parsimony tree by random order stepwise addition...
0.006 seconds, parsimony score: 69 (based on 37 sites)
Generating 1000 samples for ultrafast bootstrap (seed: 50928)...

NOTE: 0 MB RAM (0 GB) is required!
Estimate model parameters (epsilon = 0.100)
1. Initial log-likelihood: -311.614
Optimal log-likelihood: -299.383
Parameters optimization took 1 rounds (0.008 sec)
Computing ML distances based on estimated model parameters... 0.000 sec
WARNING: Some pairwise ML distances are too long (saturated)
Computing BIONJ tree...
0.009 seconds
Log-likelihood of BIONJ tree: -299.081
--------------------------------------------------------------------
|             INITIALIZING CANDIDATE TREE SET                      |
--------------------------------------------------------------------
Generating 98 parsimony trees... 0.077 second
Computing log-likelihood of 98 initial trees ... 0.148 seconds
Current best score: -295.877

Do NNI search on 20 best initial trees
Estimate model parameters (epsilon = 0.100)
BETTER TREE FOUND at iteration 1: -295.819
Estimate model parameters (epsilon = 0.100)
BETTER TREE FOUND at iteration 6: -295.073
BETTER TREE FOUND at iteration 8: -295.073
Iteration 10 / LogL: -296.930 / Time: 0h:0m:0s
UPDATE BEST LOG-LIKELIHOOD: -295.073
UPDATE BEST LOG-LIKELIHOOD: -295.073
Iteration 20 / LogL: -298.031 / Time: 0h:0m:0s
Finish initializing candidate tree set (12)
Current best tree score: -295.073 / CPU time: 0.624
Number of iterations: 20
--------------------------------------------------------------------
|               OPTIMIZING CANDIDATE TREE SET                      |
--------------------------------------------------------------------
UPDATE BEST LOG-LIKELIHOOD: -295.073
Iteration 30 / LogL: -295.824 / Time: 0h:0m:1s (0h:0m:2s left)
Iteration 40 / LogL: -295.814 / Time: 0h:0m:1s (0h:0m:2s left)
UPDATE BEST LOG-LIKELIHOOD: -295.073
Iteration 50 / LogL: -295.824 / Time: 0h:0m:1s (0h:0m:1s left)
Log-likelihood cutoff on original alignment: -316.780
Iteration 60 / LogL: -295.073 / Time: 0h:0m:2s (0h:0m:1s left)
Iteration 70 / LogL: -295.262 / Time: 0h:0m:2s (0h:0m:1s left)
Iteration 80 / LogL: -299.493 / Time: 0h:0m:2s (0h:0m:0s left)
Iteration 90 / LogL: -295.073 / Time: 0h:0m:2s (0h:0m:0s left)
Iteration 100 / LogL: -310.314 / Time: 0h:0m:3s (0h:0m:0s left)
Log-likelihood cutoff on original alignment: -316.780
NOTE: Bootstrap correlation coefficient of split occurrence frequencies: 0.997
TREE SEARCH COMPLETED AFTER 109 ITERATIONS / Time: 0h:0m:3s

--------------------------------------------------------------------
|                    FINALIZING TREE SEARCH                        |
--------------------------------------------------------------------
Performs final model parameters optimization
Estimate model parameters (epsilon = 0.010)
1. Initial log-likelihood: -295.073
Optimal log-likelihood: -295.073
Parameters optimization took 1 rounds (0.007 sec)
BEST SCORE FOUND : -295.073
Creating bootstrap support values...
Split supports printed to NEXUS file Lnature.phy.splits.nex
Total tree length: 2.551

Total number of iterations: 109
CPU time used for tree search: 3.391 sec (0h:0m:3s)
Wall-clock time used for tree search: 3.593 sec (0h:0m:3s)
Total CPU time used: 3.484 sec (0h:0m:3s)
Total wall-clock time used: 4.395 sec (0h:0m:4s)

Computing bootstrap consensus tree...
Reading input file Lnature.phy.splits.nex...
18 taxa and 145 splits.
Consensus tree written to Lnature.phy.contree
Reading input trees file Lnature.phy.contree
Log-likelihood of consensus tree: -300.942

Analysis results written to: 
  IQ-TREE report:                Lnature.phy.iqtree
  Maximum-likelihood tree:       Lnature.phy.treefile
  Likelihood distances:          Lnature.phy.mldist

Ultrafast bootstrap approximation results written to:
  Split support values:          Lnature.phy.splits.nex
  Consensus tree:                Lnature.phy.contree
  Screen log file:               Lnature.phy.log

Date and Time: Sat May 19 22:25:43 2018
