
P A U P *
Version 4.0b4a for 32-bit Microsoft Windows
Fri Jan 26 16:57:37 2018

      -----------------------------NOTICE-----------------------------
        This is a beta-test version.  It will expire on 15 Jan 2001.
        Please report any crashes, apparent calculation errors, or
        other anomalous results.  There are no restrictions on
        publication of results obtained with this version, but you
        should check the WWW site frequently for bug announcements
        and/or updated versions.  See the README file on the
        distribution media for details.
      ----------------------------------------------------------------

Character-status summary:
  Current optimality criterion = maximum parsimony
  No characters are excluded
  Of 58 total characters:
    All characters are of type 'unord'
    All characters have equal weight
    8 characters are constant
    13 variable characters are parsimony-uninformative
    Number of parsimony-informative characters = 37

Outgroup status changed:
   1 taxon transferred to outgroup
   Total number of taxa now in outgroup = 1
   Number of ingroup taxa = 17

Heuristic search settings:
   Optimality criterion = maximum parsimony
      Character-status summary:
        Of 58 total characters:
          All characters are of type 'unord'
          All characters have equal weight
          8 characters are constant
          13 variable characters are parsimony-uninformative
          Number of parsimony-informative characters = 37
      Gaps are treated as "missing"
   Starting tree(s) obtained via stepwise addition
   Addition sequence: random
      Number of replicates = 10
      Starting seed = 1489627171
   Number of trees held at each step during stepwise addition = 1
   Branch-swapping algorithm: tree-bisection-reconnection (TBR)
   Steepest descent option not in effect
   Initial 'MaxTrees' setting = 100
   Branches collapsed (creating polytomies) if maximum branch length is zero
   'MulTrees' option in effect
   Topological constraints not enforced
   Trees are unrooted

Heuristic search completed
   Total number of rearrangements tried = 121841
   Score of best tree(s) found = 73
   Number of trees retained = 30
   Time used = 0.03 sec

Tree-island profile:
                     First      Last                     First   Times
Island      Size      tree      tree        Score    replicate     hit
----------------------------------------------------------------------
     1        30         1        30           73            1      10

Tree number 1 (rooted using user-specified outgroup)

/------------------------------------------------------------ Tubiluchus priap
|
+------------------------------------------------------------ Aysheaia
|
|      /----------------------------------------------------- Onychodictyon fe
|      |
|      |                                /-------------------- Paucipodia
|      |                                |
|      |     /--------------------------+      /------------- Microdictyon
\------+     |                          |      |
       |     |                          \------+     /------- Hallucigenia spa
       |     |                                 \-----+
       |     |                                       \------- Collinsia cilios
       \-----+
             |      /---------------------------------------- Kerygmachela
             |      |
             |      |      /--------------------------------- Opabinia
             |      |      |
             \------+      |                         /------- Anonalocaris
                    |      |                   /-----+
                    |      |                   |     \------- Peytoia
                    \------+     /-------------+
                           |     |             \------------- Hurdia
                           |     |
                           |     |                   /------- Fuxianhuia
                           \-----+      /------------+
                                 |      |            \------- Chengjiangocaris
                                 |      |
                                 \------+            /------- Leanchoilia
                                        |      /-----+
                                        |      |     \------- Alalcomenaeus
                                        \------+
                                               |     /------- Misszhouia longi
                                               \-----+
                                                     \------- Kuamaia lata

Tree description:

   Unrooted tree(s) rooted using outgroup method
   Optimality criterion = maximum parsimony
   Character-status summary:
     Of 58 total characters:
       All characters are of type 'unord'
       All characters have equal weight
       8 characters are constant
       13 variable characters are parsimony-uninformative
       Number of parsimony-informative characters = 37
   Gaps are treated as "missing"
   Character-state optimization: Accelerated transformation (ACCTRAN)

Tree number 1 (rooted using user-specified outgroup)

Branch lengths and linkages for tree #1 (unrooted)

                                     Assigned       Minimum       Maximum
                    Connected          branch      possible      possible
   Node              to node           length        length        length
-------------------------------------------------------------------------
Tubiluchus priap (1)*   34                  1             1             1
Aysheaia (2)            34                  1             0             2
    33                  34                  3             2             4
Onychodictyon fe (3)    33                  6             3             6
    32                  33                  2             1             6
    21                  32                  3             2             4
Paucipodia (4)          21                  1             1             3
    20                  21                  2             1             3
Microdictyon (5)        20                  0             0             1
    19                  20                  3             2             4
Hallucigenia spa (6)    19                  2             2             3
Collinsia cilios (7)    19                  8             7            10
    31                  32                  5             3             8
Kerygmachela (8)        31                  1             0             4
    30                  31                  7             6            10
Opabinia (9)            30                  1             1             1
    29                  30                  4             1             6
    23                  29                  0             0             4
    22                  23                  1             1             1
Anonalocaris (10)       22                  2             2             2
Peytoia (11)            22                  1             1             1
Hurdia (12)             23                  0             0             0
    28                  29                  9             8            10
    24                  28                  2             0             3
Fuxianhuia (13)         24                  0             0             0
Chengjiangocaris (14)   24                  0             0             0
    27                  28                  4             3             7
    25                  27                  2             2             2
Leanchoilia (15)        25                  0             0             0
Alalcomenaeus (16)      25                  0             0             0
    26                  27                  1             1             1
Misszhouia longi (17)   26                  0             0             0
Kuamaia lata (18)       26                  1             1             1
-------------------------------------------------------------------------
Sum                                        73

Tree length = 73
Consistency index (CI) = 0.7808
Homoplasy index (HI) = 0.2192
CI excluding uninformative characters = 0.7288
HI excluding uninformative characters = 0.2712
Retention index (RI) = 0.8760
Rescaled consistency index (RC) = 0.6840

/-- Tubiluchus priap
|
+-- Aysheaia
|
|    /---------- Onychodictyon fe
34   |
|    |       /-- Paucipodia
|    |       |
|    |  /---21   / Microdictyon
\---33  |    |   |
     |  |    \--20    /--- Hallucigenia spa
     |  |        \---19
     |  |             \------------- Collinsia cilios
     \-32
        |        /- Kerygmachela
        |        |
        |        |          /-- Opabinia
        \-------31          |
                 |          |        /--- Anonalocaris
                 |          |      /22
                 \---------30      | \- Peytoia
                            |     23
                            |      + Hurdia
                            |      |
                            \-----29                 / Fuxianhuia
                                   |              /-24
                                   |              |  \ Chengjiangocaris
                                   |              |
                                   \-------------28         / Leanchoilia
                                                  |      /-25
                                                  |      |  \ Alalcomenaeus
                                                  \-----27
                                                         |/ Misszhouia longi
                                                         26
                                                          \-- Kuamaia lata

30 trees saved to file
"C:\Users\Administrator\Desktop\2018年1月26\YSCI\mp.tre"

50% Majority-rule consensus of 30 trees

/-------------------------------------------------------- Tubiluchus priap(1)
|
+-------------------------------------------------------- Aysheaia(2)
|
|     /-------------------------------------------------- Onychodictyon fe(3)
|     |
|     |                                      /----------- Paucipodia(4)
|     |                                      |
|     |                                      +----------- Microdictyon(5)
\-100-+    /---------------100---------------+
      |    |                                 |    /------ Hallucigenia spa(6)
      |    |                                 \100-+
      |    |                                      \------ Collinsia cilios(7)
      |    |
      \100-+     /--------------------------------------- Kerygmachela(8)
           |     |
           |     |    /---------------------------------- Opabinia(9)
           |     |    |
           |     |    |                           /------ Anonalocaris(10)
           \-100-+    |           /------60-------+
                 |    |           |               \------ Peytoia(11)
                 |    |           |
                 |    |           |    /----------------- Fuxianhuia(13)
                 \100-+     /-60--+    |
                      |     |     |    +----------------- Chengjiangocaris(14)
                      |     |     |    |
                      |     |     \100-+          /------ Leanchoilia(15)
                      |     |          |     /100-+
                      |     |          |     |    \------ Alalcomenaeus(16)
                      \-100-+          \-100-+
                            |                |    /------ Misszhouia longi(17)
                            |                \100-+
                            |                     \------ Kuamaia lata(18)
                            |
                            \---------------------------- Hurdia(12)

Bipartitions found in one or more trees and frequency of occurrence:

         1       1
123456789012345678      Freq      %
-----------------------------------
..****************        30 100.0%
...***************        30 100.0%
...****...........        30 100.0%
.........*********        30 100.0%
.....**...........        30 100.0%
.......***********        30 100.0%
........**********        30 100.0%
..............****        30 100.0%
..............**..        30 100.0%
............******        30 100.0%
................**        30 100.0%
.........**.******        18  60.0%
.........**.......        18  60.0%
...**.............        15  50.0%
....***...........        15  50.0%
............**....        10  33.3%
.............*****        10  33.3%
............*.****        10  33.3%
..........*.******         6  20.0%
.........*..******         6  20.0%
...........*******         6  20.0%
.........***......         6  20.0%

Consensus tree(s) written to treefile:
C:\Users\Administrator\Desktop\2018年1月26\YSCI\MajorityConTree.tre
