IQ-TREE multicore version 1.6.1 for Windows 64-bit built Dec 26 2017
Developed by Bui Quang Minh, Nguyen Lam Tung, Olga Chernomor,
Heiko Schmidt, Dominik Schrempf, Michael Woodhams.

Host:    LAPTOP-Q5UID8SI (AVX2, FMA3, 15 GB RAM)
Command: iqtree -s gshw.phy -m MK -bb 1000 -minsup 0.5 -redo
Seed:    794983 (Using SPRNG - Scalable Parallel Random Number Generator)
Time:    Sat May 19 21:29:36 2018
Kernel:  AVX+FMA - 1 threads (8 CPU cores detected)

HINT: Use -nt option to specify number of threads because your CPU has 8 cores!
HINT: -nt AUTO will automatically determine the best number of threads to use.

Reading alignment file gshw.phy ... Phylip format detected
Alignment most likely contains 6-state morphological data
Alignment has 18 sequences with 37 columns, 32 distinct patterns
32 parsimony-informative, 5 singleton sites, 0 constant sites
                      Gap/Ambiguity  Composition  p-value
   1  Alaeuris                0.00%    passed      9.55%
   2  Tachygonetria           0.00%    passed     91.85%
   3  T.conica                0.00%    passed     78.92%
   4  T.dentata               0.00%    passed     87.69%
   5  T.khallaayounei         0.00%    passed     73.53%
   6  T.longicollis           0.00%    passed     97.70%
   7  T.marocana              0.00%    passed     91.85%
   8  T.numidica              0.00%    passed     92.84%
   9  T.palearcticus          0.00%    passed     60.27%
  10  Thaparia_thapari        0.00%    passed     90.26%
  11  Thap.Bourgati           0.00%    passed     89.56%
  12  Thap.Carlosfeliui       0.00%    passed     90.26%
  13  Mehdiella_microstoma    0.00%    passed      7.44%
  14  M.petterae              0.00%    passed     26.87%
  15  M.Stylosa               0.00%    passed     27.68%
  16  M.Uncinata              0.00%    passed     22.62%
  17  Angusticaecum           0.00%    passed     36.88%
  18  Raillietnema            0.00%    passed     34.90%
****  TOTAL                   0.00%  0 sequences failed composition chi2 test (p-value<5%; df=5)
NOTE: Thap.Carlosfeliui is identical to Thaparia_thapari but kept for subsequent analysis
Creating fast initial parsimony tree by random order stepwise addition...
0.007 seconds, parsimony score: 84 (based on 37 sites)
Generating 1000 samples for ultrafast bootstrap (seed: 794983)...

NOTE: 0 MB RAM (0 GB) is required!
Estimate model parameters (epsilon = 0.100)
1. Initial log-likelihood: -458.248
Optimal log-likelihood: -446.614
Parameters optimization took 1 rounds (0.007 sec)
Computing ML distances based on estimated model parameters... 0.000 sec
Computing BIONJ tree...
0.010 seconds
Log-likelihood of BIONJ tree: -441.973
--------------------------------------------------------------------
|             INITIALIZING CANDIDATE TREE SET                      |
--------------------------------------------------------------------
Generating 98 parsimony trees... 0.087 second
Computing log-likelihood of 98 initial trees ... 0.158 seconds
Current best score: -438.431

Do NNI search on 20 best initial trees
Estimate model parameters (epsilon = 0.100)
BETTER TREE FOUND at iteration 1: -438.386
Iteration 10 / LogL: -441.077 / Time: 0h:0m:0s
Iteration 20 / LogL: -441.073 / Time: 0h:0m:0s
Finish initializing candidate tree set (3)
Current best tree score: -438.386 / CPU time: 0.500
Number of iterations: 20
--------------------------------------------------------------------
|               OPTIMIZING CANDIDATE TREE SET                      |
--------------------------------------------------------------------
Iteration 30 / LogL: -442.705 / Time: 0h:0m:0s (0h:0m:2s left)
Iteration 40 / LogL: -438.388 / Time: 0h:0m:1s (0h:0m:1s left)
Iteration 50 / LogL: -438.783 / Time: 0h:0m:2s (0h:0m:2s left)
Log-likelihood cutoff on original alignment: -457.234
Iteration 60 / LogL: -441.069 / Time: 0h:0m:2s (0h:0m:1s left)
Iteration 70 / LogL: -441.376 / Time: 0h:0m:2s (0h:0m:1s left)
Iteration 80 / LogL: -441.160 / Time: 0h:0m:3s (0h:0m:0s left)
Iteration 90 / LogL: -444.292 / Time: 0h:0m:3s (0h:0m:0s left)
Iteration 100 / LogL: -457.671 / Time: 0h:0m:3s (0h:0m:0s left)
Log-likelihood cutoff on original alignment: -458.703
NOTE: Bootstrap correlation coefficient of split occurrence frequencies: 0.999
TREE SEARCH COMPLETED AFTER 102 ITERATIONS / Time: 0h:0m:4s

--------------------------------------------------------------------
|                    FINALIZING TREE SEARCH                        |
--------------------------------------------------------------------
Performs final model parameters optimization
Estimate model parameters (epsilon = 0.010)
1. Initial log-likelihood: -438.386
Optimal log-likelihood: -438.386
Parameters optimization took 1 rounds (0.011 sec)
BEST SCORE FOUND : -438.386
Creating bootstrap support values...
Split supports printed to NEXUS file gshw.phy.splits.nex
Total tree length: 2.599

Total number of iterations: 102
CPU time used for tree search: 3.297 sec (0h:0m:3s)
Wall-clock time used for tree search: 4.452 sec (0h:0m:4s)
Total CPU time used: 3.438 sec (0h:0m:3s)
Total wall-clock time used: 4.777 sec (0h:0m:4s)

Computing bootstrap consensus tree...
Reading input file gshw.phy.splits.nex...
18 taxa and 148 splits.
Consensus tree written to gshw.phy.contree
Reading input trees file gshw.phy.contree
Log-likelihood of consensus tree: -438.387

Analysis results written to: 
  IQ-TREE report:                gshw.phy.iqtree
  Maximum-likelihood tree:       gshw.phy.treefile
  Likelihood distances:          gshw.phy.mldist

Ultrafast bootstrap approximation results written to:
  Split support values:          gshw.phy.splits.nex
  Consensus tree:                gshw.phy.contree
  Screen log file:               gshw.phy.log

Date and Time: Sat May 19 21:29:41 2018
